<?xml version="1.0" encoding="UTF-8"?>
<robot generator="Robot 6.0.2 (Python 3.10.4 on win32)" generated="20230129 12:31:57.294" rpa="false" schemaversion="3">
<suite id="s1" name="11 API" source="C:\Users\vdi-student\PycharmProjects\pythonProject1\Robot\11_API.robot">
<test id="s1-t1" name="API_GET_TEST" line="7">
<kw name="GET" library="RequestsLibrary">
<var>${get_response}</var>
<arg>https://simple-books-api.glitch.me</arg>
<doc>Sends a GET request.</doc>
<msg timestamp="20230129 12:31:58.609" level="INFO">GET Request : url=https://simple-books-api.glitch.me/ 
 path_url=/ 
 headers={'User-Agent': 'python-requests/2.28.2', 'Accept-Encoding': 'gzip, deflate', 'Accept': '*/*', 'Connection': 'keep-alive'} 
 body=None 
 </msg>
<msg timestamp="20230129 12:31:58.609" level="INFO">GET Response : url=https://simple-books-api.glitch.me/ 
 status=200, reason=OK 
 headers={'Date': 'Sun, 29 Jan 2023 11:31:15 GMT', 'Content-Type': 'application/json; charset=utf-8', 'Content-Length': '46', 'Connection': 'keep-alive', 'x-powered-by': 'Express', 'etag': 'W/"2e-kh6L/Eo2ZbYePMROtHK7TuPdR1U"'} 
 body={"message":"Welcome to the Simple Books API."} 
 </msg>
<msg timestamp="20230129 12:31:58.609" level="INFO">${get_response} = &lt;Response [200]&gt;</msg>
<status status="PASS" starttime="20230129 12:31:57.539" endtime="20230129 12:31:58.609"/>
</kw>
<kw name="Log To Console" library="BuiltIn">
<arg>${get_response}</arg>
<doc>Logs the given message to the console.</doc>
<status status="PASS" starttime="20230129 12:31:58.614" endtime="20230129 12:31:58.614"/>
</kw>
<status status="PASS" starttime="20230129 12:31:57.539" endtime="20230129 12:31:58.614"/>
</test>
<status status="PASS" starttime="20230129 12:31:57.294" endtime="20230129 12:31:58.614"/>
</suite>
<statistics>
<total>
<stat pass="1" fail="0" skip="0">All Tests</stat>
</total>
<tag>
</tag>
<suite>
<stat pass="1" fail="0" skip="0" id="s1" name="11 API">11 API</stat>
</suite>
</statistics>
<errors>
</errors>
</robot>
