<?xml version="1.0" encoding="UTF-8"?>
<robot generator="Robot 6.0.2 (Python 3.11.0 on win32)" generated="20230129 10:34:46.270" rpa="false" schemaversion="3">
<suite id="s1" name="5 Petle" source="C:\Users\vdi-student\PycharmProjects\pythonProject1\Robot\5_petle.robot">
<test id="s1-t1" name="Nest Loops" line="10">
<kw name="Create List" library="BuiltIn">
<var>@{letters}</var>
<arg>a</arg>
<arg>b</arg>
<arg>c</arg>
<arg>d</arg>
<doc>Returns a list containing given items.</doc>
<msg timestamp="20230129 10:34:46.305" level="INFO">@{letters} = [ a | b | c | d ]</msg>
<status status="PASS" starttime="20230129 10:34:46.305" endtime="20230129 10:34:46.305"/>
</kw>
<kw name="Log" library="BuiltIn">
<arg>${letters}</arg>
<doc>Logs the given message with the given level.</doc>
<msg timestamp="20230129 10:34:46.305" level="INFO">['a', 'b', 'c', 'd']</msg>
<status status="PASS" starttime="20230129 10:34:46.305" endtime="20230129 10:34:46.305"/>
</kw>
<kw name="Create List" library="BuiltIn">
<var>@{numbers}</var>
<arg>${1}</arg>
<arg>${2}</arg>
<arg>${3}</arg>
<doc>Returns a list containing given items.</doc>
<msg timestamp="20230129 10:34:46.305" level="INFO">@{numbers} = [ 1 | 2 | 3 ]</msg>
<status status="PASS" starttime="20230129 10:34:46.305" endtime="20230129 10:34:46.305"/>
</kw>
<kw name="Log" library="BuiltIn">
<arg>${numbers}</arg>
<doc>Logs the given message with the given level.</doc>
<msg timestamp="20230129 10:34:46.310" level="INFO">[1, 2, 3]</msg>
<status status="PASS" starttime="20230129 10:34:46.310" endtime="20230129 10:34:46.310"/>
</kw>
<for flavor="IN">
<var>${letter}</var>
<value>${letters}</value>
<iter>
<var name="${letter}">['a', 'b', 'c', 'd']</var>
<for flavor="IN">
<var>${number}</var>
<value>${numbers}</value>
<iter>
<var name="${number}">[1, 2, 3]</var>
<kw name="Log" library="BuiltIn">
<arg>${letter} ${number}</arg>
<doc>Logs the given message with the given level.</doc>
<msg timestamp="20230129 10:34:46.310" level="INFO">['a', 'b', 'c', 'd'] [1, 2, 3]</msg>
<status status="PASS" starttime="20230129 10:34:46.310" endtime="20230129 10:34:46.310"/>
</kw>
<status status="PASS" starttime="20230129 10:34:46.310" endtime="20230129 10:34:46.310"/>
</iter>
<status status="PASS" starttime="20230129 10:34:46.310" endtime="20230129 10:34:46.310"/>
</for>
<status status="PASS" starttime="20230129 10:34:46.310" endtime="20230129 10:34:46.310"/>
</iter>
<status status="PASS" starttime="20230129 10:34:46.310" endtime="20230129 10:34:46.310"/>
</for>
<status status="PASS" starttime="20230129 10:34:46.305" endtime="20230129 10:34:46.310"/>
</test>
<test id="s1-t2" name="For Loop In Dictionary" line="22">
<kw name="Log" library="BuiltIn">
<arg>${dictionary}</arg>
<doc>Logs the given message with the given level.</doc>
<msg timestamp="20230129 10:34:46.310" level="INFO">{'slowo': 'piesek', 'numer': '30', 'lista': ['pierwszy', 'drugi', 'trzeci', 'czwarty', 'piaty']}</msg>
<status status="PASS" starttime="20230129 10:34:46.310" endtime="20230129 10:34:46.310"/>
</kw>
<for flavor="IN">
<var>${keys_and_values}</var>
<value>&amp;{dictionary}</value>
<iter>
<var name="${keys_and_values}">('slowo', 'piesek')</var>
<kw name="Log" library="BuiltIn">
<arg>${keys_and_values}</arg>
<doc>Logs the given message with the given level.</doc>
<msg timestamp="20230129 10:34:46.315" level="INFO">('slowo', 'piesek')</msg>
<status status="PASS" starttime="20230129 10:34:46.310" endtime="20230129 10:34:46.315"/>
</kw>
<status status="PASS" starttime="20230129 10:34:46.310" endtime="20230129 10:34:46.315"/>
</iter>
<iter>
<var name="${keys_and_values}">('numer', '30')</var>
<kw name="Log" library="BuiltIn">
<arg>${keys_and_values}</arg>
<doc>Logs the given message with the given level.</doc>
<msg timestamp="20230129 10:34:46.315" level="INFO">('numer', '30')</msg>
<status status="PASS" starttime="20230129 10:34:46.315" endtime="20230129 10:34:46.315"/>
</kw>
<status status="PASS" starttime="20230129 10:34:46.315" endtime="20230129 10:34:46.315"/>
</iter>
<iter>
<var name="${keys_and_values}">('lista', ['pierwszy', 'drugi', 'trzeci', 'czwarty', 'piaty'])</var>
<kw name="Log" library="BuiltIn">
<arg>${keys_and_values}</arg>
<doc>Logs the given message with the given level.</doc>
<msg timestamp="20230129 10:34:46.315" level="INFO">('lista', ['pierwszy', 'drugi', 'trzeci', 'czwarty', 'piaty'])</msg>
<status status="PASS" starttime="20230129 10:34:46.315" endtime="20230129 10:34:46.315"/>
</kw>
<status status="PASS" starttime="20230129 10:34:46.315" endtime="20230129 10:34:46.315"/>
</iter>
<status status="PASS" starttime="20230129 10:34:46.310" endtime="20230129 10:34:46.315"/>
</for>
<status status="PASS" starttime="20230129 10:34:46.310" endtime="20230129 10:34:46.315"/>
</test>
<test id="s1-t3" name="For Loop In Range With Index" line="28">
<for flavor="IN RANGE">
<var>${i}</var>
<value>4</value>
<iter>
<var name="${i}">0</var>
<kw name="Log" library="BuiltIn">
<arg>${imiona}[${i}] ${nazwisko}[${i}]</arg>
<doc>Logs the given message with the given level.</doc>
<msg timestamp="20230129 10:34:46.315" level="INFO">Kamil Kowalski</msg>
<status status="PASS" starttime="20230129 10:34:46.315" endtime="20230129 10:34:46.315"/>
</kw>
<status status="PASS" starttime="20230129 10:34:46.315" endtime="20230129 10:34:46.315"/>
</iter>
<iter>
<var name="${i}">1</var>
<kw name="Log" library="BuiltIn">
<arg>${imiona}[${i}] ${nazwisko}[${i}]</arg>
<doc>Logs the given message with the given level.</doc>
<msg timestamp="20230129 10:34:46.315" level="INFO">Marta malinowski</msg>
<status status="PASS" starttime="20230129 10:34:46.315" endtime="20230129 10:34:46.315"/>
</kw>
<status status="PASS" starttime="20230129 10:34:46.315" endtime="20230129 10:34:46.315"/>
</iter>
<iter>
<var name="${i}">2</var>
<kw name="Log" library="BuiltIn">
<arg>${imiona}[${i}] ${nazwisko}[${i}]</arg>
<doc>Logs the given message with the given level.</doc>
<msg timestamp="20230129 10:34:46.315" level="INFO">Augusto malinowski</msg>
<status status="PASS" starttime="20230129 10:34:46.315" endtime="20230129 10:34:46.315"/>
</kw>
<status status="PASS" starttime="20230129 10:34:46.315" endtime="20230129 10:34:46.315"/>
</iter>
<iter>
<var name="${i}">3</var>
<kw name="Log" library="BuiltIn">
<arg>${imiona}[${i}] ${nazwisko}[${i}]</arg>
<doc>Logs the given message with the given level.</doc>
<msg timestamp="20230129 10:34:46.315" level="INFO">Marek Nowak</msg>
<status status="PASS" starttime="20230129 10:34:46.315" endtime="20230129 10:34:46.315"/>
</kw>
<status status="PASS" starttime="20230129 10:34:46.315" endtime="20230129 10:34:46.315"/>
</iter>
<status status="PASS" starttime="20230129 10:34:46.315" endtime="20230129 10:34:46.315"/>
</for>
<status status="PASS" starttime="20230129 10:34:46.315" endtime="20230129 10:34:46.315"/>
</test>
<test id="s1-t4" name="For Loop In List" line="33">
<for flavor="IN">
<var>${item}</var>
<value>@{list_of_numbers}</value>
<iter>
<var name="${item}">1</var>
<if>
<branch type="IF" condition="${item} == 3">
<kw name="Log" library="BuiltIn">
<arg>${item}</arg>
<doc>Logs the given message with the given level.</doc>
<status status="NOT RUN" starttime="20230129 10:34:46.320" endtime="20230129 10:34:46.320"/>
</kw>
<status status="NOT RUN" starttime="20230129 10:34:46.320" endtime="20230129 10:34:46.320"/>
</branch>
<status status="PASS" starttime="20230129 10:34:46.320" endtime="20230129 10:34:46.320"/>
</if>
<status status="PASS" starttime="20230129 10:34:46.320" endtime="20230129 10:34:46.320"/>
</iter>
<iter>
<var name="${item}">2</var>
<if>
<branch type="IF" condition="${item} == 3">
<kw name="Log" library="BuiltIn">
<arg>${item}</arg>
<doc>Logs the given message with the given level.</doc>
<status status="NOT RUN" starttime="20230129 10:34:46.320" endtime="20230129 10:34:46.320"/>
</kw>
<status status="NOT RUN" starttime="20230129 10:34:46.320" endtime="20230129 10:34:46.320"/>
</branch>
<status status="PASS" starttime="20230129 10:34:46.320" endtime="20230129 10:34:46.320"/>
</if>
<status status="PASS" starttime="20230129 10:34:46.320" endtime="20230129 10:34:46.320"/>
</iter>
<iter>
<var name="${item}">3</var>
<if>
<branch type="IF" condition="${item} == 3">
<kw name="Log" library="BuiltIn">
<arg>${item}</arg>
<doc>Logs the given message with the given level.</doc>
<msg timestamp="20230129 10:34:46.320" level="INFO">3</msg>
<status status="PASS" starttime="20230129 10:34:46.320" endtime="20230129 10:34:46.320"/>
</kw>
<status status="PASS" starttime="20230129 10:34:46.320" endtime="20230129 10:34:46.320"/>
</branch>
<status status="PASS" starttime="20230129 10:34:46.320" endtime="20230129 10:34:46.320"/>
</if>
<status status="PASS" starttime="20230129 10:34:46.320" endtime="20230129 10:34:46.320"/>
</iter>
<iter>
<var name="${item}">4</var>
<if>
<branch type="IF" condition="${item} == 3">
<kw name="Log" library="BuiltIn">
<arg>${item}</arg>
<doc>Logs the given message with the given level.</doc>
<status status="NOT RUN" starttime="20230129 10:34:46.320" endtime="20230129 10:34:46.320"/>
</kw>
<status status="NOT RUN" starttime="20230129 10:34:46.320" endtime="20230129 10:34:46.320"/>
</branch>
<status status="PASS" starttime="20230129 10:34:46.320" endtime="20230129 10:34:46.320"/>
</if>
<status status="PASS" starttime="20230129 10:34:46.320" endtime="20230129 10:34:46.320"/>
</iter>
<iter>
<var name="${item}">5</var>
<if>
<branch type="IF" condition="${item} == 3">
<kw name="Log" library="BuiltIn">
<arg>${item}</arg>
<doc>Logs the given message with the given level.</doc>
<status status="NOT RUN" starttime="20230129 10:34:46.320" endtime="20230129 10:34:46.320"/>
</kw>
<status status="NOT RUN" starttime="20230129 10:34:46.320" endtime="20230129 10:34:46.320"/>
</branch>
<status status="PASS" starttime="20230129 10:34:46.320" endtime="20230129 10:34:46.320"/>
</if>
<status status="PASS" starttime="20230129 10:34:46.320" endtime="20230129 10:34:46.320"/>
</iter>
<status status="PASS" starttime="20230129 10:34:46.320" endtime="20230129 10:34:46.320"/>
</for>
<status status="PASS" starttime="20230129 10:34:46.320" endtime="20230129 10:34:46.320"/>
</test>
<test id="s1-t5" name="For Loop1" line="38">
<for flavor="IN">
<var>${name}</var>
<value>@{imiona}</value>
<iter>
<var name="${name}">Kamil</var>
<if>
<branch type="IF" condition="$name == 'Augusto'">
<kw name="Log" library="BuiltIn">
<arg>${name}</arg>
<doc>Logs the given message with the given level.</doc>
<status status="NOT RUN" starttime="20230129 10:34:46.325" endtime="20230129 10:34:46.325"/>
</kw>
<status status="NOT RUN" starttime="20230129 10:34:46.325" endtime="20230129 10:34:46.325"/>
</branch>
<status status="PASS" starttime="20230129 10:34:46.325" endtime="20230129 10:34:46.325"/>
</if>
<status status="PASS" starttime="20230129 10:34:46.325" endtime="20230129 10:34:46.325"/>
</iter>
<iter>
<var name="${name}">Marta</var>
<if>
<branch type="IF" condition="$name == 'Augusto'">
<kw name="Log" library="BuiltIn">
<arg>${name}</arg>
<doc>Logs the given message with the given level.</doc>
<status status="NOT RUN" starttime="20230129 10:34:46.325" endtime="20230129 10:34:46.325"/>
</kw>
<status status="NOT RUN" starttime="20230129 10:34:46.325" endtime="20230129 10:34:46.325"/>
</branch>
<status status="PASS" starttime="20230129 10:34:46.325" endtime="20230129 10:34:46.325"/>
</if>
<status status="PASS" starttime="20230129 10:34:46.325" endtime="20230129 10:34:46.325"/>
</iter>
<iter>
<var name="${name}">Augusto</var>
<if>
<branch type="IF" condition="$name == 'Augusto'">
<kw name="Log" library="BuiltIn">
<arg>${name}</arg>
<doc>Logs the given message with the given level.</doc>
<msg timestamp="20230129 10:34:46.330" level="INFO">Augusto</msg>
<status status="PASS" starttime="20230129 10:34:46.325" endtime="20230129 10:34:46.330"/>
</kw>
<status status="PASS" starttime="20230129 10:34:46.325" endtime="20230129 10:34:46.330"/>
</branch>
<status status="PASS" starttime="20230129 10:34:46.325" endtime="20230129 10:34:46.330"/>
</if>
<status status="PASS" starttime="20230129 10:34:46.325" endtime="20230129 10:34:46.330"/>
</iter>
<iter>
<var name="${name}">Marek</var>
<if>
<branch type="IF" condition="$name == 'Augusto'">
<kw name="Log" library="BuiltIn">
<arg>${name}</arg>
<doc>Logs the given message with the given level.</doc>
<status status="NOT RUN" starttime="20230129 10:34:46.330" endtime="20230129 10:34:46.330"/>
</kw>
<status status="NOT RUN" starttime="20230129 10:34:46.330" endtime="20230129 10:34:46.330"/>
</branch>
<status status="PASS" starttime="20230129 10:34:46.330" endtime="20230129 10:34:46.330"/>
</if>
<status status="PASS" starttime="20230129 10:34:46.330" endtime="20230129 10:34:46.330"/>
</iter>
<status status="PASS" starttime="20230129 10:34:46.325" endtime="20230129 10:34:46.330"/>
</for>
<status status="PASS" starttime="20230129 10:34:46.325" endtime="20230129 10:34:46.330"/>
</test>
<test id="s1-t6" name="For Loop In Range 10" line="43">
<for flavor="IN RANGE">
<var>${i}</var>
<value>10</value>
<iter>
<var name="${i}">0</var>
<kw name="Log" library="BuiltIn">
<arg>${i}</arg>
<doc>Logs the given message with the given level.</doc>
<msg timestamp="20230129 10:34:46.330" level="INFO">0</msg>
<status status="PASS" starttime="20230129 10:34:46.330" endtime="20230129 10:34:46.330"/>
</kw>
<status status="PASS" starttime="20230129 10:34:46.330" endtime="20230129 10:34:46.330"/>
</iter>
<iter>
<var name="${i}">1</var>
<kw name="Log" library="BuiltIn">
<arg>${i}</arg>
<doc>Logs the given message with the given level.</doc>
<msg timestamp="20230129 10:34:46.330" level="INFO">1</msg>
<status status="PASS" starttime="20230129 10:34:46.330" endtime="20230129 10:34:46.330"/>
</kw>
<status status="PASS" starttime="20230129 10:34:46.330" endtime="20230129 10:34:46.330"/>
</iter>
<iter>
<var name="${i}">2</var>
<kw name="Log" library="BuiltIn">
<arg>${i}</arg>
<doc>Logs the given message with the given level.</doc>
<msg timestamp="20230129 10:34:46.330" level="INFO">2</msg>
<status status="PASS" starttime="20230129 10:34:46.330" endtime="20230129 10:34:46.330"/>
</kw>
<status status="PASS" starttime="20230129 10:34:46.330" endtime="20230129 10:34:46.330"/>
</iter>
<iter>
<var name="${i}">3</var>
<kw name="Log" library="BuiltIn">
<arg>${i}</arg>
<doc>Logs the given message with the given level.</doc>
<msg timestamp="20230129 10:34:46.330" level="INFO">3</msg>
<status status="PASS" starttime="20230129 10:34:46.330" endtime="20230129 10:34:46.330"/>
</kw>
<status status="PASS" starttime="20230129 10:34:46.330" endtime="20230129 10:34:46.330"/>
</iter>
<iter>
<var name="${i}">4</var>
<kw name="Log" library="BuiltIn">
<arg>${i}</arg>
<doc>Logs the given message with the given level.</doc>
<msg timestamp="20230129 10:34:46.330" level="INFO">4</msg>
<status status="PASS" starttime="20230129 10:34:46.330" endtime="20230129 10:34:46.330"/>
</kw>
<status status="PASS" starttime="20230129 10:34:46.330" endtime="20230129 10:34:46.330"/>
</iter>
<iter>
<var name="${i}">5</var>
<kw name="Log" library="BuiltIn">
<arg>${i}</arg>
<doc>Logs the given message with the given level.</doc>
<msg timestamp="20230129 10:34:46.330" level="INFO">5</msg>
<status status="PASS" starttime="20230129 10:34:46.330" endtime="20230129 10:34:46.330"/>
</kw>
<status status="PASS" starttime="20230129 10:34:46.330" endtime="20230129 10:34:46.330"/>
</iter>
<iter>
<var name="${i}">6</var>
<kw name="Log" library="BuiltIn">
<arg>${i}</arg>
<doc>Logs the given message with the given level.</doc>
<msg timestamp="20230129 10:34:46.330" level="INFO">6</msg>
<status status="PASS" starttime="20230129 10:34:46.330" endtime="20230129 10:34:46.330"/>
</kw>
<status status="PASS" starttime="20230129 10:34:46.330" endtime="20230129 10:34:46.330"/>
</iter>
<iter>
<var name="${i}">7</var>
<kw name="Log" library="BuiltIn">
<arg>${i}</arg>
<doc>Logs the given message with the given level.</doc>
<msg timestamp="20230129 10:34:46.330" level="INFO">7</msg>
<status status="PASS" starttime="20230129 10:34:46.330" endtime="20230129 10:34:46.330"/>
</kw>
<status status="PASS" starttime="20230129 10:34:46.330" endtime="20230129 10:34:46.330"/>
</iter>
<iter>
<var name="${i}">8</var>
<kw name="Log" library="BuiltIn">
<arg>${i}</arg>
<doc>Logs the given message with the given level.</doc>
<msg timestamp="20230129 10:34:46.335" level="INFO">8</msg>
<status status="PASS" starttime="20230129 10:34:46.335" endtime="20230129 10:34:46.335"/>
</kw>
<status status="PASS" starttime="20230129 10:34:46.330" endtime="20230129 10:34:46.335"/>
</iter>
<iter>
<var name="${i}">9</var>
<kw name="Log" library="BuiltIn">
<arg>${i}</arg>
<doc>Logs the given message with the given level.</doc>
<msg timestamp="20230129 10:34:46.335" level="INFO">9</msg>
<status status="PASS" starttime="20230129 10:34:46.335" endtime="20230129 10:34:46.335"/>
</kw>
<status status="PASS" starttime="20230129 10:34:46.335" endtime="20230129 10:34:46.335"/>
</iter>
<status status="PASS" starttime="20230129 10:34:46.330" endtime="20230129 10:34:46.335"/>
</for>
<status status="PASS" starttime="20230129 10:34:46.330" endtime="20230129 10:34:46.335"/>
</test>
<test id="s1-t7" name="For Loop In Range 4 10" line="48">
<for flavor="IN RANGE">
<var>${i}</var>
<value>4</value>
<value>10</value>
<iter>
<var name="${i}">4</var>
<kw name="Log" library="BuiltIn">
<arg>${i}</arg>
<doc>Logs the given message with the given level.</doc>
<msg timestamp="20230129 10:34:46.335" level="INFO">4</msg>
<status status="PASS" starttime="20230129 10:34:46.335" endtime="20230129 10:34:46.335"/>
</kw>
<status status="PASS" starttime="20230129 10:34:46.335" endtime="20230129 10:34:46.335"/>
</iter>
<iter>
<var name="${i}">5</var>
<kw name="Log" library="BuiltIn">
<arg>${i}</arg>
<doc>Logs the given message with the given level.</doc>
<msg timestamp="20230129 10:34:46.335" level="INFO">5</msg>
<status status="PASS" starttime="20230129 10:34:46.335" endtime="20230129 10:34:46.335"/>
</kw>
<status status="PASS" starttime="20230129 10:34:46.335" endtime="20230129 10:34:46.335"/>
</iter>
<iter>
<var name="${i}">6</var>
<kw name="Log" library="BuiltIn">
<arg>${i}</arg>
<doc>Logs the given message with the given level.</doc>
<msg timestamp="20230129 10:34:46.340" level="INFO">6</msg>
<status status="PASS" starttime="20230129 10:34:46.335" endtime="20230129 10:34:46.340"/>
</kw>
<status status="PASS" starttime="20230129 10:34:46.335" endtime="20230129 10:34:46.340"/>
</iter>
<iter>
<var name="${i}">7</var>
<kw name="Log" library="BuiltIn">
<arg>${i}</arg>
<doc>Logs the given message with the given level.</doc>
<msg timestamp="20230129 10:34:46.340" level="INFO">7</msg>
<status status="PASS" starttime="20230129 10:34:46.340" endtime="20230129 10:34:46.340"/>
</kw>
<status status="PASS" starttime="20230129 10:34:46.340" endtime="20230129 10:34:46.340"/>
</iter>
<iter>
<var name="${i}">8</var>
<kw name="Log" library="BuiltIn">
<arg>${i}</arg>
<doc>Logs the given message with the given level.</doc>
<msg timestamp="20230129 10:34:46.340" level="INFO">8</msg>
<status status="PASS" starttime="20230129 10:34:46.340" endtime="20230129 10:34:46.340"/>
</kw>
<status status="PASS" starttime="20230129 10:34:46.340" endtime="20230129 10:34:46.340"/>
</iter>
<iter>
<var name="${i}">9</var>
<kw name="Log" library="BuiltIn">
<arg>${i}</arg>
<doc>Logs the given message with the given level.</doc>
<msg timestamp="20230129 10:34:46.340" level="INFO">9</msg>
<status status="PASS" starttime="20230129 10:34:46.340" endtime="20230129 10:34:46.340"/>
</kw>
<status status="PASS" starttime="20230129 10:34:46.340" endtime="20230129 10:34:46.340"/>
</iter>
<status status="PASS" starttime="20230129 10:34:46.335" endtime="20230129 10:34:46.340"/>
</for>
<status status="PASS" starttime="20230129 10:34:46.335" endtime="20230129 10:34:46.340"/>
</test>
<test id="s1-t8" name="For Loop In Range 4 30 3" line="53">
<for flavor="IN RANGE">
<var>${i}</var>
<value>4</value>
<value>30</value>
<value>3</value>
<iter>
<var name="${i}">4</var>
<kw name="Log" library="BuiltIn">
<arg>${i}</arg>
<doc>Logs the given message with the given level.</doc>
<msg timestamp="20230129 10:34:46.340" level="INFO">4</msg>
<status status="PASS" starttime="20230129 10:34:46.340" endtime="20230129 10:34:46.340"/>
</kw>
<status status="PASS" starttime="20230129 10:34:46.340" endtime="20230129 10:34:46.340"/>
</iter>
<iter>
<var name="${i}">7</var>
<kw name="Log" library="BuiltIn">
<arg>${i}</arg>
<doc>Logs the given message with the given level.</doc>
<msg timestamp="20230129 10:34:46.340" level="INFO">7</msg>
<status status="PASS" starttime="20230129 10:34:46.340" endtime="20230129 10:34:46.340"/>
</kw>
<status status="PASS" starttime="20230129 10:34:46.340" endtime="20230129 10:34:46.340"/>
</iter>
<iter>
<var name="${i}">10</var>
<kw name="Log" library="BuiltIn">
<arg>${i}</arg>
<doc>Logs the given message with the given level.</doc>
<msg timestamp="20230129 10:34:46.340" level="INFO">10</msg>
<status status="PASS" starttime="20230129 10:34:46.340" endtime="20230129 10:34:46.340"/>
</kw>
<status status="PASS" starttime="20230129 10:34:46.340" endtime="20230129 10:34:46.340"/>
</iter>
<iter>
<var name="${i}">13</var>
<kw name="Log" library="BuiltIn">
<arg>${i}</arg>
<doc>Logs the given message with the given level.</doc>
<msg timestamp="20230129 10:34:46.340" level="INFO">13</msg>
<status status="PASS" starttime="20230129 10:34:46.340" endtime="20230129 10:34:46.345"/>
</kw>
<status status="PASS" starttime="20230129 10:34:46.340" endtime="20230129 10:34:46.345"/>
</iter>
<iter>
<var name="${i}">16</var>
<kw name="Log" library="BuiltIn">
<arg>${i}</arg>
<doc>Logs the given message with the given level.</doc>
<msg timestamp="20230129 10:34:46.345" level="INFO">16</msg>
<status status="PASS" starttime="20230129 10:34:46.345" endtime="20230129 10:34:46.345"/>
</kw>
<status status="PASS" starttime="20230129 10:34:46.345" endtime="20230129 10:34:46.345"/>
</iter>
<iter>
<var name="${i}">19</var>
<kw name="Log" library="BuiltIn">
<arg>${i}</arg>
<doc>Logs the given message with the given level.</doc>
<msg timestamp="20230129 10:34:46.345" level="INFO">19</msg>
<status status="PASS" starttime="20230129 10:34:46.345" endtime="20230129 10:34:46.345"/>
</kw>
<status status="PASS" starttime="20230129 10:34:46.345" endtime="20230129 10:34:46.345"/>
</iter>
<iter>
<var name="${i}">22</var>
<kw name="Log" library="BuiltIn">
<arg>${i}</arg>
<doc>Logs the given message with the given level.</doc>
<msg timestamp="20230129 10:34:46.345" level="INFO">22</msg>
<status status="PASS" starttime="20230129 10:34:46.345" endtime="20230129 10:34:46.345"/>
</kw>
<status status="PASS" starttime="20230129 10:34:46.345" endtime="20230129 10:34:46.345"/>
</iter>
<iter>
<var name="${i}">25</var>
<kw name="Log" library="BuiltIn">
<arg>${i}</arg>
<doc>Logs the given message with the given level.</doc>
<msg timestamp="20230129 10:34:46.345" level="INFO">25</msg>
<status status="PASS" starttime="20230129 10:34:46.345" endtime="20230129 10:34:46.345"/>
</kw>
<status status="PASS" starttime="20230129 10:34:46.345" endtime="20230129 10:34:46.345"/>
</iter>
<iter>
<var name="${i}">28</var>
<kw name="Log" library="BuiltIn">
<arg>${i}</arg>
<doc>Logs the given message with the given level.</doc>
<msg timestamp="20230129 10:34:46.345" level="INFO">28</msg>
<status status="PASS" starttime="20230129 10:34:46.345" endtime="20230129 10:34:46.345"/>
</kw>
<status status="PASS" starttime="20230129 10:34:46.345" endtime="20230129 10:34:46.345"/>
</iter>
<status status="PASS" starttime="20230129 10:34:46.340" endtime="20230129 10:34:46.345"/>
</for>
<status status="PASS" starttime="20230129 10:34:46.340" endtime="20230129 10:34:46.345"/>
</test>
<status status="PASS" starttime="20230129 10:34:46.275" endtime="20230129 10:34:46.345"/>
</suite>
<statistics>
<total>
<stat pass="8" fail="0" skip="0">All Tests</stat>
</total>
<tag>
</tag>
<suite>
<stat pass="8" fail="0" skip="0" id="s1" name="5 Petle">5 Petle</stat>
</suite>
</statistics>
<errors>
</errors>
</robot>
