<?xml version="1.0" encoding="UTF-8"?>
<robot generator="Robot 6.0.2 (Python 3.11.0 on win32)" generated="20230129 09:39:14.114" rpa="false" schemaversion="3">
<suite id="s1" name="9 Zadanie" source="C:\Users\vdi-student\PycharmProjects\pythonProject1\Robot\9_zadanie.robot">
<test id="s1-t1" name="Registration In Forum" line="12">
<kw name="Open Browser" library="SeleniumLibrary">
<arg>https://gotujmy.pl/forum/</arg>
<arg>Chrome</arg>
<doc>Opens a new browser instance to the optional ``url``.</doc>
<msg timestamp="20230129 09:39:14.404" level="INFO">Opening browser 'Chrome' to base url 'https://gotujmy.pl/forum/'.</msg>
<status status="PASS" starttime="20230129 09:39:14.399" endtime="20230129 09:39:20.419"/>
</kw>
<kw name="Maximize Browser Window" library="SeleniumLibrary">
<doc>Maximizes current browser window.</doc>
<status status="PASS" starttime="20230129 09:39:20.422" endtime="20230129 09:39:20.657"/>
</kw>
<kw name="Sleep" library="BuiltIn">
<arg>5</arg>
<doc>Pauses the test executed for the given time.</doc>
<msg timestamp="20230129 09:39:25.662" level="INFO">Slept 5 seconds</msg>
<status status="PASS" starttime="20230129 09:39:20.660" endtime="20230129 09:39:25.662"/>
</kw>
<kw name="Scrol Element Into View">
<arg>//*[@id="tcf277-permisions-modal"]/div[3]/div/button[2]</arg>
<msg timestamp="20230129 09:39:25.666" level="FAIL">No keyword with name 'Scrol Element Into View' found. Did you mean:
    SeleniumLibrary.Scroll Element Into View</msg>
<status status="FAIL" starttime="20230129 09:39:25.666" endtime="20230129 09:39:25.666"/>
</kw>
<kw name="Run Keyword And Ignore Error" library="BuiltIn">
<arg>click button</arg>
<arg>//*[@id="tcf277-permisions-modal"]/div[3]/div/button[2]</arg>
<doc>Runs the given keyword with the given arguments and ignores possible error.</doc>
<status status="NOT RUN" starttime="20230129 09:39:25.667" endtime="20230129 09:39:25.667"/>
</kw>
<kw name="Click Element" library="SeleniumLibrary">
<arg>//*[@id="navTop"]/nav/ul[1]/li[2]/a</arg>
<doc>Click the element identified by ``locator``.</doc>
<status status="NOT RUN" starttime="20230129 09:39:25.668" endtime="20230129 09:39:25.668"/>
</kw>
<kw name="Run Keyword And Ignore Error" library="BuiltIn">
<arg>click button</arg>
<arg>//*[@id="tcf277-permisions-modal"]/div[3]/div/button[2]</arg>
<doc>Runs the given keyword with the given arguments and ignores possible error.</doc>
<status status="NOT RUN" starttime="20230129 09:39:25.668" endtime="20230129 09:39:25.668"/>
</kw>
<kw name="imput text">
<arg>//*[@id=f_cmu_email"]</arg>
<arg>kamil@wp.pl</arg>
<status status="NOT RUN" starttime="20230129 09:39:25.672" endtime="20230129 09:39:25.672"/>
</kw>
<kw name="imput text">
<arg>//*[@id=f_cmu_email2"]</arg>
<arg>kamil@wp.pl</arg>
<status status="NOT RUN" starttime="20230129 09:39:25.676" endtime="20230129 09:39:25.676"/>
</kw>
<kw name="imput text">
<arg>//*[@id=f_cmu_password"]</arg>
<arg>haslo</arg>
<status status="NOT RUN" starttime="20230129 09:39:25.680" endtime="20230129 09:39:25.680"/>
</kw>
<kw name="imput text">
<arg>//*[@id=f_cmu_password2"]</arg>
<arg>haslo</arg>
<status status="NOT RUN" starttime="20230129 09:39:25.683" endtime="20230129 09:39:25.683"/>
</kw>
<kw name="Checkbox Should Not Be Selected" library="SeleniumLibrary">
<arg>//*[@id'newsletter_ogree"]</arg>
<doc>Verifies checkbox ``locator`` is not selected/checked.</doc>
<status status="NOT RUN" starttime="20230129 09:39:25.683" endtime="20230129 09:39:25.683"/>
</kw>
<kw name="Select Checkbox" library="SeleniumLibrary">
<arg>//*[@id'newsletter_ogree"]</arg>
<doc>Selects the checkbox identified by ``locator``.</doc>
<status status="NOT RUN" starttime="20230129 09:39:25.684" endtime="20230129 09:39:25.684"/>
</kw>
<kw name="Checkbox Should Not Be Selected" library="SeleniumLibrary">
<arg>//*[@id="user_register_form"]/fieldset/label[2]/input</arg>
<doc>Verifies checkbox ``locator`` is not selected/checked.</doc>
<status status="NOT RUN" starttime="20230129 09:39:25.684" endtime="20230129 09:39:25.684"/>
</kw>
<kw name="Select Checkbox" library="SeleniumLibrary">
<arg>//*[@id="user_register_form"]/fieldset/label[2]/input</arg>
<doc>Selects the checkbox identified by ``locator``.</doc>
<status status="NOT RUN" starttime="20230129 09:39:25.684" endtime="20230129 09:39:25.684"/>
</kw>
<kw name="Checkbox Should Not Be Selected" library="SeleniumLibrary">
<arg>//*[@id="user_register_form"]/fieldset/label[3]/input</arg>
<doc>Verifies checkbox ``locator`` is not selected/checked.</doc>
<status status="NOT RUN" starttime="20230129 09:39:25.685" endtime="20230129 09:39:25.685"/>
</kw>
<kw name="Select Checkbox" library="SeleniumLibrary">
<arg>//*[@id="user_register_form"]/fieldset/label[3]/input</arg>
<doc>Selects the checkbox identified by ``locator``.</doc>
<status status="NOT RUN" starttime="20230129 09:39:25.685" endtime="20230129 09:39:25.685"/>
</kw>
<kw name="Click Button" library="SeleniumLibrary">
<arg>//*[@id="user_register_form"]/fieldset/footer/button</arg>
<doc>Clicks the button identified by ``locator``.</doc>
<status status="NOT RUN" starttime="20230129 09:39:25.685" endtime="20230129 09:39:25.686"/>
</kw>
<kw name="Wait Until Element Is Visible" library="SeleniumLibrary">
<arg>//*[@id="main_content"]/div/div/h1</arg>
<arg>timeout7</arg>
<doc>Waits until the element ``locator`` is visible.</doc>
<status status="NOT RUN" starttime="20230129 09:39:25.686" endtime="20230129 09:39:25.686"/>
</kw>
<kw name="Get Text" library="SeleniumLibrary">
<var>@{message}</var>
<arg>//*[@id="main_content"]/div/div/h1</arg>
<doc>Returns the text value of the element identified by ``locator``.</doc>
<status status="NOT RUN" starttime="20230129 09:39:25.686" endtime="20230129 09:39:25.686"/>
</kw>
<kw name="Log To Console" library="BuiltIn">
<arg>@{message}</arg>
<doc>Logs the given message to the console.</doc>
<status status="NOT RUN" starttime="20230129 09:39:25.687" endtime="20230129 09:39:25.687"/>
</kw>
<kw name="Should Be Equal As Strings" library="BuiltIn">
<arg>@{my_message}</arg>
<arg>@{message}</arg>
<doc>Fails if objects are unequal after converting them to strings.</doc>
<status status="NOT RUN" starttime="20230129 09:39:25.687" endtime="20230129 09:39:25.687"/>
</kw>
<kw name="Capture Page Screenshot" library="SeleniumLibrary">
<doc>Takes a screenshot of the current page and embeds it into a log file.</doc>
<status status="NOT RUN" starttime="20230129 09:39:25.687" endtime="20230129 09:39:25.687"/>
</kw>
<status status="FAIL" starttime="20230129 09:39:14.399" endtime="20230129 09:39:25.688">No keyword with name 'Scrol Element Into View' found. Did you mean:
    SeleniumLibrary.Scroll Element Into View</status>
</test>
<status status="FAIL" starttime="20230129 09:39:14.119" endtime="20230129 09:39:25.692"/>
</suite>
<statistics>
<total>
<stat pass="0" fail="1" skip="0">All Tests</stat>
</total>
<tag>
</tag>
<suite>
<stat pass="0" fail="1" skip="0" id="s1" name="9 Zadanie">9 Zadanie</stat>
</suite>
</statistics>
<errors>
</errors>
</robot>
