<?xml version="1.0" encoding="UTF-8"?>
<robot generator="Robot 6.0.2 (Python 3.11.0 on win32)" generated="20230128 14:39:52.367" rpa="false" schemaversion="3">
<suite id="s1" name="9 Zadanie" source="C:\Users\vdi-student\PycharmProjects\robot_basic_tmp\9_zadanie.robot">
<test id="s1-t1" name="Registration In Forum" line="11">
<kw name="Open Browser" library="SeleniumLibrary">
<arg>https://gotujmy.pl/forum/</arg>
<arg>Chrome</arg>
<doc>Opens a new browser instance to the optional ``url``.</doc>
<msg timestamp="20230128 14:39:53.036" level="INFO">Opening browser 'Chrome' to base url 'https://gotujmy.pl/forum/'.</msg>
<status status="PASS" starttime="20230128 14:39:53.036" endtime="20230128 14:40:10.855"/>
</kw>
<kw name="Run Keyword And Ignore Error" library="BuiltIn">
<arg>click button</arg>
<arg>//*[@id="tcf277-permisions-modal"]/div[3]/div/button[2]</arg>
<doc>Runs the given keyword with the given arguments and ignores possible error.</doc>
<kw name="Click Button" library="SeleniumLibrary">
<arg>//*[@id="tcf277-permisions-modal"]/div[3]/div/button[2]</arg>
<doc>Clicks the button identified by ``locator``.</doc>
<msg timestamp="20230128 14:40:10.860" level="INFO">Clicking button '//*[@id="tcf277-permisions-modal"]/div[3]/div/button[2]'.</msg>
<msg timestamp="20230128 14:40:11.369" level="INFO" html="true">&lt;/td&gt;&lt;/tr&gt;&lt;tr&gt;&lt;td colspan="3"&gt;&lt;a href="selenium-screenshot-33.png"&gt;&lt;img src="selenium-screenshot-33.png" width="800px"&gt;&lt;/a&gt;</msg>
<msg timestamp="20230128 14:40:11.369" level="FAIL">Button with locator '//*[@id="tcf277-permisions-modal"]/div[3]/div/button[2]' not found.</msg>
<status status="FAIL" starttime="20230128 14:40:10.859" endtime="20230128 14:40:11.374"/>
</kw>
<status status="PASS" starttime="20230128 14:40:10.858" endtime="20230128 14:40:11.374"/>
</kw>
<kw name="Click Element" library="SeleniumLibrary">
<arg>//*[@id="navTop"]/nav/ul[1]/li[2]/a</arg>
<doc>Click the element identified by ``locator``.</doc>
<msg timestamp="20230128 14:40:11.374" level="INFO">Clicking element '//*[@id="navTop"]/nav/ul[1]/li[2]/a'.</msg>
<status status="PASS" starttime="20230128 14:40:11.374" endtime="20230128 14:40:13.396"/>
</kw>
<kw name="Run Keyword And Ignore Error" library="BuiltIn">
<arg>click button</arg>
<arg>//*[@id="tcf277-permisions-modal"]/div[3]/div/button[2]</arg>
<doc>Runs the given keyword with the given arguments and ignores possible error.</doc>
<kw name="Click Button" library="SeleniumLibrary">
<arg>//*[@id="tcf277-permisions-modal"]/div[3]/div/button[2]</arg>
<doc>Clicks the button identified by ``locator``.</doc>
<msg timestamp="20230128 14:40:13.398" level="INFO">Clicking button '//*[@id="tcf277-permisions-modal"]/div[3]/div/button[2]'.</msg>
<msg timestamp="20230128 14:40:13.746" level="INFO" html="true">&lt;/td&gt;&lt;/tr&gt;&lt;tr&gt;&lt;td colspan="3"&gt;&lt;a href="selenium-screenshot-34.png"&gt;&lt;img src="selenium-screenshot-34.png" width="800px"&gt;&lt;/a&gt;</msg>
<msg timestamp="20230128 14:40:13.747" level="FAIL">Button with locator '//*[@id="tcf277-permisions-modal"]/div[3]/div/button[2]' not found.</msg>
<status status="FAIL" starttime="20230128 14:40:13.398" endtime="20230128 14:40:13.747"/>
</kw>
<status status="PASS" starttime="20230128 14:40:13.397" endtime="20230128 14:40:13.748"/>
</kw>
<kw name="Capture Page Screenshot" library="SeleniumLibrary">
<doc>Takes a screenshot of the current page and embeds it into a log file.</doc>
<msg timestamp="20230128 14:40:13.931" level="INFO" html="true">&lt;/td&gt;&lt;/tr&gt;&lt;tr&gt;&lt;td colspan="3"&gt;&lt;a href="selenium-screenshot-35.png"&gt;&lt;img src="selenium-screenshot-35.png" width="800px"&gt;&lt;/a&gt;</msg>
<status status="PASS" starttime="20230128 14:40:13.748" endtime="20230128 14:40:13.931"/>
</kw>
<status status="PASS" starttime="20230128 14:39:53.031" endtime="20230128 14:40:13.931"/>
</test>
<status status="PASS" starttime="20230128 14:39:52.367" endtime="20230128 14:40:13.931"/>
</suite>
<statistics>
<total>
<stat pass="1" fail="0" skip="0">All Tests</stat>
</total>
<tag>
</tag>
<suite>
<stat pass="1" fail="0" skip="0" id="s1" name="9 Zadanie">9 Zadanie</stat>
</suite>
</statistics>
<errors>
</errors>
</robot>
