<?xml version="1.0" encoding="UTF-8"?>
<robot generator="Robot 6.0.2 (Python 3.11.0 on win32)" generated="20230128 11:32:20.985" rpa="false" schemaversion="3">
<suite id="s1" name="1 Wipedia" source="C:\Users\vdi-student\PycharmProjects\robot_basic_tmp\1_wipedia.robot">
<test id="s1-t1" name="Unsuccessful Login To Wikipedia" line="23">
<kw name="Open Browser" library="SeleniumLibrary">
<arg>https://pl.wikipedia.org</arg>
<arg>Chrome</arg>
<doc>Opens a new browser instance to the optional ``url``.</doc>
<msg timestamp="20230128 11:32:21.592" level="INFO">Opening browser 'Chrome' to base url 'https://pl.wikipedia.org'.</msg>
<status status="PASS" starttime="20230128 11:32:21.592" endtime="20230128 11:32:25.326"/>
</kw>
<kw name="Click Element" library="SeleniumLibrary">
<arg>id:pt-login</arg>
<doc>Click the element identified by ``locator``.</doc>
<msg timestamp="20230128 11:32:25.330" level="INFO">Clicking element 'id:pt-login'.</msg>
<status status="PASS" starttime="20230128 11:32:25.329" endtime="20230128 11:32:26.492"/>
</kw>
<kw name="Input Text" library="SeleniumLibrary">
<arg>id:wpName1</arg>
<arg>${wikipedia_login}</arg>
<doc>Types the given ``text`` into the text field identified by ``locator``.</doc>
<msg timestamp="20230128 11:32:26.494" level="INFO">Typing text 'RobotTests' into text field 'id:wpName1'.</msg>
<status status="PASS" starttime="20230128 11:32:26.493" endtime="20230128 11:32:26.897"/>
</kw>
<kw name="Input Password" library="SeleniumLibrary">
<arg>id:wpPassword1</arg>
<arg>123123</arg>
<doc>Types the given password into the text field identified by ``locator``.</doc>
<msg timestamp="20230128 11:32:26.899" level="INFO">Typing password into text field 'id:wpPassword1'.</msg>
<msg timestamp="20230128 11:32:26.997" level="INFO">Temporally setting log level to: NONE</msg>
<msg timestamp="20230128 11:32:27.159" level="INFO">Log level changed from NONE to INFO.</msg>
<status status="PASS" starttime="20230128 11:32:26.898" endtime="20230128 11:32:27.159"/>
</kw>
<kw name="Checkbox Should Not Be Selected" library="SeleniumLibrary">
<arg>id:wpRemember</arg>
<doc>Verifies checkbox ``locator`` is not selected/checked.</doc>
<msg timestamp="20230128 11:32:27.160" level="INFO">Verifying checkbox 'id:wpRemember' is not selected.</msg>
<status status="PASS" starttime="20230128 11:32:27.160" endtime="20230128 11:32:27.200"/>
</kw>
<kw name="Select Checkbox" library="SeleniumLibrary">
<arg>id:wpRemember</arg>
<doc>Selects the checkbox identified by ``locator``.</doc>
<msg timestamp="20230128 11:32:27.201" level="INFO">Selecting checkbox 'id:wpRemember'.</msg>
<status status="PASS" starttime="20230128 11:32:27.200" endtime="20230128 11:32:27.299"/>
</kw>
<kw name="Click Button" library="SeleniumLibrary">
<arg>id:wpLoginAttempt</arg>
<doc>Clicks the button identified by ``locator``.</doc>
<msg timestamp="20230128 11:32:27.301" level="INFO">Clicking button 'id:wpLoginAttempt'.</msg>
<status status="PASS" starttime="20230128 11:32:27.300" endtime="20230128 11:32:27.559"/>
</kw>
<kw name="Wait Until Element Is Visible" library="SeleniumLibrary">
<arg>css:.mw-message-box-error</arg>
<arg>timeout=20</arg>
<doc>Waits until the element ``locator`` is visible.</doc>
<status status="PASS" starttime="20230128 11:32:27.560" endtime="20230128 11:32:37.578"/>
</kw>
<kw name="Get Text" library="SeleniumLibrary">
<var>${my_error_message}</var>
<arg>css:.mw-message-box-error</arg>
<doc>Returns the text value of the element identified by ``locator``.</doc>
<msg timestamp="20230128 11:32:38.096" level="INFO">${my_error_message} = Podany login lub hasło są nieprawidłowe. Spróbuj jeszcze raz.</msg>
<status status="PASS" starttime="20230128 11:32:37.672" endtime="20230128 11:32:38.096"/>
</kw>
<kw name="Log" library="BuiltIn">
<arg>${my_error_message}</arg>
<doc>Logs the given message with the given level.</doc>
<msg timestamp="20230128 11:32:38.098" level="INFO">Podany login lub hasło są nieprawidłowe. Spróbuj jeszcze raz.</msg>
<status status="PASS" starttime="20230128 11:32:38.097" endtime="20230128 11:32:38.098"/>
</kw>
<kw name="Log To Console" library="BuiltIn">
<arg>${my_error_message}</arg>
<doc>Logs the given message to the console.</doc>
<status status="PASS" starttime="20230128 11:32:38.103" endtime="20230128 11:32:38.104"/>
</kw>
<kw name="Should Be Equal As Strings" library="BuiltIn">
<arg>${error_message}</arg>
<arg>${my_error_message}</arg>
<doc>Fails if objects are unequal after converting them to strings.</doc>
<status status="PASS" starttime="20230128 11:32:38.104" endtime="20230128 11:32:38.105"/>
</kw>
<status status="PASS" starttime="20230128 11:32:21.592" endtime="20230128 11:32:38.105"/>
</test>
<status status="PASS" starttime="20230128 11:32:20.985" endtime="20230128 11:32:38.107"/>
</suite>
<statistics>
<total>
<stat pass="1" fail="0" skip="0">All Tests</stat>
</total>
<tag>
</tag>
<suite>
<stat pass="1" fail="0" skip="0" id="s1" name="1 Wipedia">1 Wipedia</stat>
</suite>
</statistics>
<errors>
</errors>
</robot>
