<?xml version="1.0" encoding="UTF-8"?>
<robot generator="Robot 6.0.2 (Python 3.11.0 on win32)" generated="20230129 10:10:10.906" rpa="false" schemaversion="3">
<suite id="s1" name="9 Zadanie" source="C:\Users\vdi-student\PycharmProjects\pythonProject1\Robot\9_zadanie.robot">
<test id="s1-t1" name="Registraion Of Multiple User" line="37">
<kw name="Open My Browser" type="SETUP">
<kw name="Open Browser" library="SeleniumLibrary">
<arg>https://gotujmy.pl/forum/</arg>
<arg>Chrome</arg>
<doc>Opens a new browser instance to the optional ``url``.</doc>
<msg timestamp="20230129 10:10:11.160" level="INFO">Opening browser 'Chrome' to base url 'https://gotujmy.pl/forum/'.</msg>
<status status="PASS" starttime="20230129 10:10:11.160" endtime="20230129 10:10:17.542"/>
</kw>
<kw name="Maximize Browser Window" library="SeleniumLibrary">
<doc>Maximizes current browser window.</doc>
<status status="PASS" starttime="20230129 10:10:17.543" endtime="20230129 10:10:17.702"/>
</kw>
<kw name="Sleep" library="BuiltIn">
<arg>3</arg>
<doc>Pauses the test executed for the given time.</doc>
<msg timestamp="20230129 10:10:20.707" level="INFO">Slept 3 seconds</msg>
<status status="PASS" starttime="20230129 10:10:17.702" endtime="20230129 10:10:20.707"/>
</kw>
<kw name="Scroll Element Into View" library="SeleniumLibrary">
<arg>//*[@id="tcf277-permissions-modal"]/div[3]/div/button[2]</arg>
<doc>Scrolls the element identified by ``locator`` into view.</doc>
<status status="PASS" starttime="20230129 10:10:20.707" endtime="20230129 10:10:21.012"/>
</kw>
<kw name="Run Keyword And Ignore Error" library="BuiltIn">
<arg>click button</arg>
<arg>//*[@id="tcf277-permissions-modal"]/div[3]/div/button[2]</arg>
<doc>Runs the given keyword with the given arguments and ignores possible error.</doc>
<kw name="Click Button" library="SeleniumLibrary">
<arg>//*[@id="tcf277-permissions-modal"]/div[3]/div/button[2]</arg>
<doc>Clicks the button identified by ``locator``.</doc>
<msg timestamp="20230129 10:10:21.017" level="INFO">Clicking button '//*[@id="tcf277-permissions-modal"]/div[3]/div/button[2]'.</msg>
<status status="PASS" starttime="20230129 10:10:21.017" endtime="20230129 10:10:21.231"/>
</kw>
<status status="PASS" starttime="20230129 10:10:21.017" endtime="20230129 10:10:21.232"/>
</kw>
<status status="PASS" starttime="20230129 10:10:11.160" endtime="20230129 10:10:21.232"/>
</kw>
<for flavor="IN RANGE">
<var>${i}</var>
<value>5</value>
<iter>
<var name="${i}">0</var>
<kw name="Registration In Forum">
<arg>${emails}[${i}]</arg>
<arg>${passwords}[${i}]</arg>
<kw name="Click Element" library="SeleniumLibrary">
<arg>//*[@id="navTop"]/nav/ul[1]/li[2]/a</arg>
<doc>Click the element identified by ``locator``.</doc>
<msg timestamp="20230129 10:10:21.235" level="INFO">Clicking element '//*[@id="navTop"]/nav/ul[1]/li[2]/a'.</msg>
<status status="PASS" starttime="20230129 10:10:21.234" endtime="20230129 10:10:22.954"/>
</kw>
<kw name="Run Keyword And Ignore Error" library="BuiltIn">
<arg>click button</arg>
<arg>//*[@id="tcf277-permissions-modal"]/div[3]/div/button[2]</arg>
<doc>Runs the given keyword with the given arguments and ignores possible error.</doc>
<kw name="Click Button" library="SeleniumLibrary">
<arg>//*[@id="tcf277-permissions-modal"]/div[3]/div/button[2]</arg>
<doc>Clicks the button identified by ``locator``.</doc>
<msg timestamp="20230129 10:10:22.956" level="INFO">Clicking button '//*[@id="tcf277-permissions-modal"]/div[3]/div/button[2]'.</msg>
<msg timestamp="20230129 10:10:23.307" level="INFO" html="true">&lt;/td&gt;&lt;/tr&gt;&lt;tr&gt;&lt;td colspan="3"&gt;&lt;a href="selenium-screenshot-56.png"&gt;&lt;img src="selenium-screenshot-56.png" width="800px"&gt;&lt;/a&gt;</msg>
<msg timestamp="20230129 10:10:23.307" level="FAIL">Button with locator '//*[@id="tcf277-permissions-modal"]/div[3]/div/button[2]' not found.</msg>
<status status="FAIL" starttime="20230129 10:10:22.955" endtime="20230129 10:10:23.312"/>
</kw>
<status status="PASS" starttime="20230129 10:10:22.955" endtime="20230129 10:10:23.312"/>
</kw>
<kw name="Input Text" library="SeleniumLibrary">
<arg>//*[@id="f_cmu_email"]</arg>
<arg>${name}</arg>
<doc>Types the given ``text`` into the text field identified by ``locator``.</doc>
<msg timestamp="20230129 10:10:23.314" level="INFO">Typing text 'email1@wwp.pl' into text field '//*[@id="f_cmu_email"]'.</msg>
<status status="PASS" starttime="20230129 10:10:23.312" endtime="20230129 10:10:23.463"/>
</kw>
<kw name="Input Text" library="SeleniumLibrary">
<arg>//*[@id="f_cmu_email2"]</arg>
<arg>${name}</arg>
<doc>Types the given ``text`` into the text field identified by ``locator``.</doc>
<msg timestamp="20230129 10:10:23.464" level="INFO">Typing text 'email1@wwp.pl' into text field '//*[@id="f_cmu_email2"]'.</msg>
<status status="PASS" starttime="20230129 10:10:23.463" endtime="20230129 10:10:23.671"/>
</kw>
<kw name="Input Text" library="SeleniumLibrary">
<arg>//*[@id="f_cmu_password"]</arg>
<arg>${password}</arg>
<doc>Types the given ``text`` into the text field identified by ``locator``.</doc>
<msg timestamp="20230129 10:10:23.672" level="INFO">Typing text 'pass1' into text field '//*[@id="f_cmu_password"]'.</msg>
<status status="PASS" starttime="20230129 10:10:23.671" endtime="20230129 10:10:23.818"/>
</kw>
<kw name="Input Text" library="SeleniumLibrary">
<arg>//*[@id="f_cmu_password2"]</arg>
<arg>${password}</arg>
<doc>Types the given ``text`` into the text field identified by ``locator``.</doc>
<msg timestamp="20230129 10:10:23.819" level="INFO">Typing text 'pass1' into text field '//*[@id="f_cmu_password2"]'.</msg>
<status status="PASS" starttime="20230129 10:10:23.818" endtime="20230129 10:10:23.939"/>
</kw>
<kw name="Checkbox Should Not Be Selected" library="SeleniumLibrary">
<arg>//*[@id="newsletter_agree"]</arg>
<doc>Verifies checkbox ``locator`` is not selected/checked.</doc>
<msg timestamp="20230129 10:10:23.941" level="INFO">Verifying checkbox '//*[@id="newsletter_agree"]' is not selected.</msg>
<status status="PASS" starttime="20230129 10:10:23.939" endtime="20230129 10:10:24.072"/>
</kw>
<kw name="Select Checkbox" library="SeleniumLibrary">
<arg>//*[@id="newsletter_agree"]</arg>
<doc>Selects the checkbox identified by ``locator``.</doc>
<msg timestamp="20230129 10:10:24.072" level="INFO">Selecting checkbox '//*[@id="newsletter_agree"]'.</msg>
<status status="PASS" starttime="20230129 10:10:24.072" endtime="20230129 10:10:24.171"/>
</kw>
<kw name="Checkbox Should Not Be Selected" library="SeleniumLibrary">
<arg>//*[@id="user_register_form"]/fieldset/label[2]/input</arg>
<doc>Verifies checkbox ``locator`` is not selected/checked.</doc>
<msg timestamp="20230129 10:10:24.172" level="INFO">Verifying checkbox '//*[@id="user_register_form"]/fieldset/label[2]/input' is not selected.</msg>
<status status="PASS" starttime="20230129 10:10:24.171" endtime="20230129 10:10:24.219"/>
</kw>
<kw name="Select Checkbox" library="SeleniumLibrary">
<arg>//*[@id="user_register_form"]/fieldset/label[2]/input</arg>
<doc>Selects the checkbox identified by ``locator``.</doc>
<msg timestamp="20230129 10:10:24.220" level="INFO">Selecting checkbox '//*[@id="user_register_form"]/fieldset/label[2]/input'.</msg>
<status status="PASS" starttime="20230129 10:10:24.220" endtime="20230129 10:10:24.304"/>
</kw>
<kw name="Checkbox Should Not Be Selected" library="SeleniumLibrary">
<arg>//*[@id="user_register_form"]/fieldset/label[3]/input</arg>
<doc>Verifies checkbox ``locator`` is not selected/checked.</doc>
<msg timestamp="20230129 10:10:24.305" level="INFO">Verifying checkbox '//*[@id="user_register_form"]/fieldset/label[3]/input' is not selected.</msg>
<status status="PASS" starttime="20230129 10:10:24.304" endtime="20230129 10:10:24.360"/>
</kw>
<kw name="Select Checkbox" library="SeleniumLibrary">
<arg>//*[@id="user_register_form"]/fieldset/label[3]/input</arg>
<doc>Selects the checkbox identified by ``locator``.</doc>
<msg timestamp="20230129 10:10:24.361" level="INFO">Selecting checkbox '//*[@id="user_register_form"]/fieldset/label[3]/input'.</msg>
<status status="PASS" starttime="20230129 10:10:24.361" endtime="20230129 10:10:24.482"/>
</kw>
<kw name="Click Button" library="SeleniumLibrary">
<arg>//*[@id="user_register_form"]/fieldset/footer/button</arg>
<doc>Clicks the button identified by ``locator``.</doc>
<msg timestamp="20230129 10:10:24.483" level="INFO">Clicking button '//*[@id="user_register_form"]/fieldset/footer/button'.</msg>
<status status="PASS" starttime="20230129 10:10:24.482" endtime="20230129 10:10:25.665"/>
</kw>
<kw name="Wait Until Element Is Visible" library="SeleniumLibrary">
<arg>//*[@id="main_content"]/div/div/h1</arg>
<arg>timeout=7</arg>
<doc>Waits until the element ``locator`` is visible.</doc>
<msg timestamp="20230129 10:10:32.975" level="INFO" html="true">&lt;/td&gt;&lt;/tr&gt;&lt;tr&gt;&lt;td colspan="3"&gt;&lt;a href="selenium-screenshot-57.png"&gt;&lt;img src="selenium-screenshot-57.png" width="800px"&gt;&lt;/a&gt;</msg>
<msg timestamp="20230129 10:10:32.975" level="FAIL">Element '//*[@id="main_content"]/div/div/h1' not visible after 7 seconds.</msg>
<status status="FAIL" starttime="20230129 10:10:25.665" endtime="20230129 10:10:32.990"/>
</kw>
<kw name="Get Text" library="SeleniumLibrary">
<var>${my_message}</var>
<arg>//*[@id="main_content"]/div/div/h1</arg>
<doc>Returns the text value of the element identified by ``locator``.</doc>
<status status="NOT RUN" starttime="20230129 10:10:32.990" endtime="20230129 10:10:32.990"/>
</kw>
<kw name="Log To Console" library="BuiltIn">
<arg>${my_message}</arg>
<doc>Logs the given message to the console.</doc>
<status status="NOT RUN" starttime="20230129 10:10:32.990" endtime="20230129 10:10:32.990"/>
</kw>
<kw name="Should Be Equal As Strings" library="BuiltIn">
<arg>${my_message}</arg>
<arg>${message}</arg>
<doc>Fails if objects are unequal after converting them to strings.</doc>
<status status="NOT RUN" starttime="20230129 10:10:32.990" endtime="20230129 10:10:32.990"/>
</kw>
<kw name="Capture Page Screenshot" library="SeleniumLibrary">
<doc>Takes a screenshot of the current page and embeds it into a log file.</doc>
<status status="NOT RUN" starttime="20230129 10:10:32.990" endtime="20230129 10:10:32.990"/>
</kw>
<status status="FAIL" starttime="20230129 10:10:21.234" endtime="20230129 10:10:32.990"/>
</kw>
<kw name="Log" library="BuiltIn">
<arg>User ${emails}[${i}]</arg>
<doc>Logs the given message with the given level.</doc>
<status status="NOT RUN" starttime="20230129 10:10:32.990" endtime="20230129 10:10:32.990"/>
</kw>
<status status="FAIL" starttime="20230129 10:10:21.233" endtime="20230129 10:10:32.990"/>
</iter>
<status status="FAIL" starttime="20230129 10:10:21.233" endtime="20230129 10:10:32.990"/>
</for>
<status status="FAIL" starttime="20230129 10:10:11.160" endtime="20230129 10:10:32.995">Element '//*[@id="main_content"]/div/div/h1' not visible after 7 seconds.</status>
</test>
<test id="s1-t2" name="Unsuccessful Regiustratoin Different Names" line="42">
<kw name="Open My Browser" type="SETUP">
<kw name="Open Browser" library="SeleniumLibrary">
<arg>https://gotujmy.pl/forum/</arg>
<arg>Chrome</arg>
<doc>Opens a new browser instance to the optional ``url``.</doc>
<msg timestamp="20230129 10:10:33.000" level="INFO">Opening browser 'Chrome' to base url 'https://gotujmy.pl/forum/'.</msg>
<status status="PASS" starttime="20230129 10:10:33.000" endtime="20230129 10:10:37.521"/>
</kw>
<kw name="Maximize Browser Window" library="SeleniumLibrary">
<doc>Maximizes current browser window.</doc>
<status status="PASS" starttime="20230129 10:10:37.522" endtime="20230129 10:10:37.694"/>
</kw>
<kw name="Sleep" library="BuiltIn">
<arg>3</arg>
<doc>Pauses the test executed for the given time.</doc>
<msg timestamp="20230129 10:10:40.696" level="INFO">Slept 3 seconds</msg>
<status status="PASS" starttime="20230129 10:10:37.694" endtime="20230129 10:10:40.696"/>
</kw>
<kw name="Scroll Element Into View" library="SeleniumLibrary">
<arg>//*[@id="tcf277-permissions-modal"]/div[3]/div/button[2]</arg>
<doc>Scrolls the element identified by ``locator`` into view.</doc>
<status status="PASS" starttime="20230129 10:10:40.696" endtime="20230129 10:10:40.980"/>
</kw>
<kw name="Run Keyword And Ignore Error" library="BuiltIn">
<arg>click button</arg>
<arg>//*[@id="tcf277-permissions-modal"]/div[3]/div/button[2]</arg>
<doc>Runs the given keyword with the given arguments and ignores possible error.</doc>
<kw name="Click Button" library="SeleniumLibrary">
<arg>//*[@id="tcf277-permissions-modal"]/div[3]/div/button[2]</arg>
<doc>Clicks the button identified by ``locator``.</doc>
<msg timestamp="20230129 10:10:40.980" level="INFO">Clicking button '//*[@id="tcf277-permissions-modal"]/div[3]/div/button[2]'.</msg>
<status status="PASS" starttime="20230129 10:10:40.980" endtime="20230129 10:10:41.142"/>
</kw>
<status status="PASS" starttime="20230129 10:10:40.980" endtime="20230129 10:10:41.142"/>
</kw>
<status status="PASS" starttime="20230129 10:10:32.995" endtime="20230129 10:10:41.143"/>
</kw>
<kw name="Sleep" library="BuiltIn">
<arg>1</arg>
<doc>Pauses the test executed for the given time.</doc>
<msg timestamp="20230129 10:10:42.146" level="INFO">Slept 1 second</msg>
<status status="PASS" starttime="20230129 10:10:41.144" endtime="20230129 10:10:42.146"/>
</kw>
<status status="PASS" starttime="20230129 10:10:32.995" endtime="20230129 10:10:42.163"/>
</test>
<status status="FAIL" starttime="20230129 10:10:10.911" endtime="20230129 10:10:42.171"/>
</suite>
<statistics>
<total>
<stat pass="1" fail="1" skip="0">All Tests</stat>
</total>
<tag>
</tag>
<suite>
<stat pass="1" fail="1" skip="0" id="s1" name="9 Zadanie">9 Zadanie</stat>
</suite>
</statistics>
<errors>
</errors>
</robot>
