<?xml version="1.0" encoding="UTF-8"?>
<robot generator="Robot 6.0.2 (Python 3.11.0 on win32)" generated="20230128 13:12:37.014" rpa="false" schemaversion="3">
<suite id="s1" name="5 Petle" source="C:\Users\vdi-student\PycharmProjects\robot_basic_tmp\5_petle.robot">
<test id="s1-t1" name="For Loop In Range With Index" line="9">
<for flavor="IN RANGE">
<var>${i}</var>
<value>4</value>
<iter>
<var name="${i}">0</var>
<kw name="Log" library="BuiltIn">
<arg>${imiona}[${i}] ${nazwisko}[${i}]</arg>
<doc>Logs the given message with the given level.</doc>
<msg timestamp="20230128 13:12:37.049" level="INFO">Kamil Kowalski</msg>
<status status="PASS" starttime="20230128 13:12:37.049" endtime="20230128 13:12:37.049"/>
</kw>
<status status="PASS" starttime="20230128 13:12:37.049" endtime="20230128 13:12:37.049"/>
</iter>
<iter>
<var name="${i}">1</var>
<kw name="Log" library="BuiltIn">
<arg>${imiona}[${i}] ${nazwisko}[${i}]</arg>
<doc>Logs the given message with the given level.</doc>
<msg timestamp="20230128 13:12:37.049" level="INFO">Marta malinowski</msg>
<status status="PASS" starttime="20230128 13:12:37.049" endtime="20230128 13:12:37.049"/>
</kw>
<status status="PASS" starttime="20230128 13:12:37.049" endtime="20230128 13:12:37.049"/>
</iter>
<iter>
<var name="${i}">2</var>
<kw name="Log" library="BuiltIn">
<arg>${imiona}[${i}] ${nazwisko}[${i}]</arg>
<doc>Logs the given message with the given level.</doc>
<msg timestamp="20230128 13:12:37.049" level="INFO">Augusto malinowski</msg>
<status status="PASS" starttime="20230128 13:12:37.049" endtime="20230128 13:12:37.049"/>
</kw>
<status status="PASS" starttime="20230128 13:12:37.049" endtime="20230128 13:12:37.049"/>
</iter>
<iter>
<var name="${i}">3</var>
<kw name="Log" library="BuiltIn">
<arg>${imiona}[${i}] ${nazwisko}[${i}]</arg>
<doc>Logs the given message with the given level.</doc>
<msg timestamp="20230128 13:12:37.049" level="INFO">Marek Nowak</msg>
<status status="PASS" starttime="20230128 13:12:37.049" endtime="20230128 13:12:37.049"/>
</kw>
<status status="PASS" starttime="20230128 13:12:37.049" endtime="20230128 13:12:37.049"/>
</iter>
<status status="PASS" starttime="20230128 13:12:37.049" endtime="20230128 13:12:37.049"/>
</for>
<status status="PASS" starttime="20230128 13:12:37.044" endtime="20230128 13:12:37.054"/>
</test>
<test id="s1-t2" name="For Loop In List" line="16">
<for flavor="IN">
<var>${i}</var>
<value>@{list}</value>
<iter>
<var name="${i}">pierwszy</var>
<kw name="Log" library="BuiltIn">
<arg>${i}</arg>
<doc>Logs the given message with the given level.</doc>
<msg timestamp="20230128 13:12:37.054" level="INFO">pierwszy</msg>
<status status="PASS" starttime="20230128 13:12:37.054" endtime="20230128 13:12:37.054"/>
</kw>
<status status="PASS" starttime="20230128 13:12:37.054" endtime="20230128 13:12:37.054"/>
</iter>
<iter>
<var name="${i}">drugi</var>
<kw name="Log" library="BuiltIn">
<arg>${i}</arg>
<doc>Logs the given message with the given level.</doc>
<msg timestamp="20230128 13:12:37.054" level="INFO">drugi</msg>
<status status="PASS" starttime="20230128 13:12:37.054" endtime="20230128 13:12:37.054"/>
</kw>
<status status="PASS" starttime="20230128 13:12:37.054" endtime="20230128 13:12:37.054"/>
</iter>
<iter>
<var name="${i}">trzeci</var>
<kw name="Log" library="BuiltIn">
<arg>${i}</arg>
<doc>Logs the given message with the given level.</doc>
<msg timestamp="20230128 13:12:37.054" level="INFO">trzeci</msg>
<status status="PASS" starttime="20230128 13:12:37.054" endtime="20230128 13:12:37.054"/>
</kw>
<status status="PASS" starttime="20230128 13:12:37.054" endtime="20230128 13:12:37.054"/>
</iter>
<iter>
<var name="${i}">czwarty</var>
<kw name="Log" library="BuiltIn">
<arg>${i}</arg>
<doc>Logs the given message with the given level.</doc>
<msg timestamp="20230128 13:12:37.054" level="INFO">czwarty</msg>
<status status="PASS" starttime="20230128 13:12:37.054" endtime="20230128 13:12:37.054"/>
</kw>
<status status="PASS" starttime="20230128 13:12:37.054" endtime="20230128 13:12:37.054"/>
</iter>
<iter>
<var name="${i}">piaty</var>
<kw name="Log" library="BuiltIn">
<arg>${i}</arg>
<doc>Logs the given message with the given level.</doc>
<msg timestamp="20230128 13:12:37.054" level="INFO">piaty</msg>
<status status="PASS" starttime="20230128 13:12:37.054" endtime="20230128 13:12:37.054"/>
</kw>
<status status="PASS" starttime="20230128 13:12:37.054" endtime="20230128 13:12:37.054"/>
</iter>
<status status="PASS" starttime="20230128 13:12:37.054" endtime="20230128 13:12:37.054"/>
</for>
<status status="PASS" starttime="20230128 13:12:37.054" endtime="20230128 13:12:37.054"/>
</test>
<test id="s1-t3" name="For Loop In Range 10" line="21">
<for flavor="IN RANGE">
<var>${i}</var>
<value>10</value>
<iter>
<var name="${i}">0</var>
<kw name="Log" library="BuiltIn">
<arg>${i}</arg>
<doc>Logs the given message with the given level.</doc>
<msg timestamp="20230128 13:12:37.059" level="INFO">0</msg>
<status status="PASS" starttime="20230128 13:12:37.059" endtime="20230128 13:12:37.059"/>
</kw>
<status status="PASS" starttime="20230128 13:12:37.059" endtime="20230128 13:12:37.059"/>
</iter>
<iter>
<var name="${i}">1</var>
<kw name="Log" library="BuiltIn">
<arg>${i}</arg>
<doc>Logs the given message with the given level.</doc>
<msg timestamp="20230128 13:12:37.059" level="INFO">1</msg>
<status status="PASS" starttime="20230128 13:12:37.059" endtime="20230128 13:12:37.059"/>
</kw>
<status status="PASS" starttime="20230128 13:12:37.059" endtime="20230128 13:12:37.059"/>
</iter>
<iter>
<var name="${i}">2</var>
<kw name="Log" library="BuiltIn">
<arg>${i}</arg>
<doc>Logs the given message with the given level.</doc>
<msg timestamp="20230128 13:12:37.059" level="INFO">2</msg>
<status status="PASS" starttime="20230128 13:12:37.059" endtime="20230128 13:12:37.059"/>
</kw>
<status status="PASS" starttime="20230128 13:12:37.059" endtime="20230128 13:12:37.059"/>
</iter>
<iter>
<var name="${i}">3</var>
<kw name="Log" library="BuiltIn">
<arg>${i}</arg>
<doc>Logs the given message with the given level.</doc>
<msg timestamp="20230128 13:12:37.059" level="INFO">3</msg>
<status status="PASS" starttime="20230128 13:12:37.059" endtime="20230128 13:12:37.059"/>
</kw>
<status status="PASS" starttime="20230128 13:12:37.059" endtime="20230128 13:12:37.059"/>
</iter>
<iter>
<var name="${i}">4</var>
<kw name="Log" library="BuiltIn">
<arg>${i}</arg>
<doc>Logs the given message with the given level.</doc>
<msg timestamp="20230128 13:12:37.059" level="INFO">4</msg>
<status status="PASS" starttime="20230128 13:12:37.059" endtime="20230128 13:12:37.059"/>
</kw>
<status status="PASS" starttime="20230128 13:12:37.059" endtime="20230128 13:12:37.059"/>
</iter>
<iter>
<var name="${i}">5</var>
<kw name="Log" library="BuiltIn">
<arg>${i}</arg>
<doc>Logs the given message with the given level.</doc>
<msg timestamp="20230128 13:12:37.059" level="INFO">5</msg>
<status status="PASS" starttime="20230128 13:12:37.059" endtime="20230128 13:12:37.059"/>
</kw>
<status status="PASS" starttime="20230128 13:12:37.059" endtime="20230128 13:12:37.059"/>
</iter>
<iter>
<var name="${i}">6</var>
<kw name="Log" library="BuiltIn">
<arg>${i}</arg>
<doc>Logs the given message with the given level.</doc>
<msg timestamp="20230128 13:12:37.059" level="INFO">6</msg>
<status status="PASS" starttime="20230128 13:12:37.059" endtime="20230128 13:12:37.059"/>
</kw>
<status status="PASS" starttime="20230128 13:12:37.059" endtime="20230128 13:12:37.059"/>
</iter>
<iter>
<var name="${i}">7</var>
<kw name="Log" library="BuiltIn">
<arg>${i}</arg>
<doc>Logs the given message with the given level.</doc>
<msg timestamp="20230128 13:12:37.059" level="INFO">7</msg>
<status status="PASS" starttime="20230128 13:12:37.059" endtime="20230128 13:12:37.059"/>
</kw>
<status status="PASS" starttime="20230128 13:12:37.059" endtime="20230128 13:12:37.059"/>
</iter>
<iter>
<var name="${i}">8</var>
<kw name="Log" library="BuiltIn">
<arg>${i}</arg>
<doc>Logs the given message with the given level.</doc>
<msg timestamp="20230128 13:12:37.059" level="INFO">8</msg>
<status status="PASS" starttime="20230128 13:12:37.059" endtime="20230128 13:12:37.059"/>
</kw>
<status status="PASS" starttime="20230128 13:12:37.059" endtime="20230128 13:12:37.059"/>
</iter>
<iter>
<var name="${i}">9</var>
<kw name="Log" library="BuiltIn">
<arg>${i}</arg>
<doc>Logs the given message with the given level.</doc>
<msg timestamp="20230128 13:12:37.059" level="INFO">9</msg>
<status status="PASS" starttime="20230128 13:12:37.059" endtime="20230128 13:12:37.059"/>
</kw>
<status status="PASS" starttime="20230128 13:12:37.059" endtime="20230128 13:12:37.059"/>
</iter>
<status status="PASS" starttime="20230128 13:12:37.059" endtime="20230128 13:12:37.064"/>
</for>
<status status="PASS" starttime="20230128 13:12:37.059" endtime="20230128 13:12:37.064"/>
</test>
<test id="s1-t4" name="For Loop In Range 4 10" line="26">
<for flavor="IN RANGE">
<var>${i}</var>
<value>4</value>
<value>10</value>
<iter>
<var name="${i}">4</var>
<kw name="Log" library="BuiltIn">
<arg>${i}</arg>
<doc>Logs the given message with the given level.</doc>
<msg timestamp="20230128 13:12:37.064" level="INFO">4</msg>
<status status="PASS" starttime="20230128 13:12:37.064" endtime="20230128 13:12:37.064"/>
</kw>
<status status="PASS" starttime="20230128 13:12:37.064" endtime="20230128 13:12:37.064"/>
</iter>
<iter>
<var name="${i}">5</var>
<kw name="Log" library="BuiltIn">
<arg>${i}</arg>
<doc>Logs the given message with the given level.</doc>
<msg timestamp="20230128 13:12:37.064" level="INFO">5</msg>
<status status="PASS" starttime="20230128 13:12:37.064" endtime="20230128 13:12:37.064"/>
</kw>
<status status="PASS" starttime="20230128 13:12:37.064" endtime="20230128 13:12:37.064"/>
</iter>
<iter>
<var name="${i}">6</var>
<kw name="Log" library="BuiltIn">
<arg>${i}</arg>
<doc>Logs the given message with the given level.</doc>
<msg timestamp="20230128 13:12:37.064" level="INFO">6</msg>
<status status="PASS" starttime="20230128 13:12:37.064" endtime="20230128 13:12:37.064"/>
</kw>
<status status="PASS" starttime="20230128 13:12:37.064" endtime="20230128 13:12:37.064"/>
</iter>
<iter>
<var name="${i}">7</var>
<kw name="Log" library="BuiltIn">
<arg>${i}</arg>
<doc>Logs the given message with the given level.</doc>
<msg timestamp="20230128 13:12:37.064" level="INFO">7</msg>
<status status="PASS" starttime="20230128 13:12:37.064" endtime="20230128 13:12:37.064"/>
</kw>
<status status="PASS" starttime="20230128 13:12:37.064" endtime="20230128 13:12:37.064"/>
</iter>
<iter>
<var name="${i}">8</var>
<kw name="Log" library="BuiltIn">
<arg>${i}</arg>
<doc>Logs the given message with the given level.</doc>
<msg timestamp="20230128 13:12:37.064" level="INFO">8</msg>
<status status="PASS" starttime="20230128 13:12:37.064" endtime="20230128 13:12:37.064"/>
</kw>
<status status="PASS" starttime="20230128 13:12:37.064" endtime="20230128 13:12:37.064"/>
</iter>
<iter>
<var name="${i}">9</var>
<kw name="Log" library="BuiltIn">
<arg>${i}</arg>
<doc>Logs the given message with the given level.</doc>
<msg timestamp="20230128 13:12:37.064" level="INFO">9</msg>
<status status="PASS" starttime="20230128 13:12:37.064" endtime="20230128 13:12:37.064"/>
</kw>
<status status="PASS" starttime="20230128 13:12:37.064" endtime="20230128 13:12:37.064"/>
</iter>
<status status="PASS" starttime="20230128 13:12:37.064" endtime="20230128 13:12:37.064"/>
</for>
<status status="PASS" starttime="20230128 13:12:37.064" endtime="20230128 13:12:37.064"/>
</test>
<test id="s1-t5" name="For Loop In Range 4 30 3" line="31">
<for flavor="IN RANGE">
<var>${i}</var>
<value>4</value>
<value>30</value>
<value>3</value>
<iter>
<var name="${i}">4</var>
<kw name="Log" library="BuiltIn">
<arg>${i}</arg>
<doc>Logs the given message with the given level.</doc>
<msg timestamp="20230128 13:12:37.069" level="INFO">4</msg>
<status status="PASS" starttime="20230128 13:12:37.069" endtime="20230128 13:12:37.069"/>
</kw>
<status status="PASS" starttime="20230128 13:12:37.069" endtime="20230128 13:12:37.069"/>
</iter>
<iter>
<var name="${i}">7</var>
<kw name="Log" library="BuiltIn">
<arg>${i}</arg>
<doc>Logs the given message with the given level.</doc>
<msg timestamp="20230128 13:12:37.069" level="INFO">7</msg>
<status status="PASS" starttime="20230128 13:12:37.069" endtime="20230128 13:12:37.069"/>
</kw>
<status status="PASS" starttime="20230128 13:12:37.069" endtime="20230128 13:12:37.069"/>
</iter>
<iter>
<var name="${i}">10</var>
<kw name="Log" library="BuiltIn">
<arg>${i}</arg>
<doc>Logs the given message with the given level.</doc>
<msg timestamp="20230128 13:12:37.069" level="INFO">10</msg>
<status status="PASS" starttime="20230128 13:12:37.069" endtime="20230128 13:12:37.069"/>
</kw>
<status status="PASS" starttime="20230128 13:12:37.069" endtime="20230128 13:12:37.069"/>
</iter>
<iter>
<var name="${i}">13</var>
<kw name="Log" library="BuiltIn">
<arg>${i}</arg>
<doc>Logs the given message with the given level.</doc>
<msg timestamp="20230128 13:12:37.069" level="INFO">13</msg>
<status status="PASS" starttime="20230128 13:12:37.069" endtime="20230128 13:12:37.069"/>
</kw>
<status status="PASS" starttime="20230128 13:12:37.069" endtime="20230128 13:12:37.069"/>
</iter>
<iter>
<var name="${i}">16</var>
<kw name="Log" library="BuiltIn">
<arg>${i}</arg>
<doc>Logs the given message with the given level.</doc>
<msg timestamp="20230128 13:12:37.069" level="INFO">16</msg>
<status status="PASS" starttime="20230128 13:12:37.069" endtime="20230128 13:12:37.069"/>
</kw>
<status status="PASS" starttime="20230128 13:12:37.069" endtime="20230128 13:12:37.069"/>
</iter>
<iter>
<var name="${i}">19</var>
<kw name="Log" library="BuiltIn">
<arg>${i}</arg>
<doc>Logs the given message with the given level.</doc>
<msg timestamp="20230128 13:12:37.074" level="INFO">19</msg>
<status status="PASS" starttime="20230128 13:12:37.074" endtime="20230128 13:12:37.074"/>
</kw>
<status status="PASS" starttime="20230128 13:12:37.069" endtime="20230128 13:12:37.074"/>
</iter>
<iter>
<var name="${i}">22</var>
<kw name="Log" library="BuiltIn">
<arg>${i}</arg>
<doc>Logs the given message with the given level.</doc>
<msg timestamp="20230128 13:12:37.074" level="INFO">22</msg>
<status status="PASS" starttime="20230128 13:12:37.074" endtime="20230128 13:12:37.074"/>
</kw>
<status status="PASS" starttime="20230128 13:12:37.074" endtime="20230128 13:12:37.074"/>
</iter>
<iter>
<var name="${i}">25</var>
<kw name="Log" library="BuiltIn">
<arg>${i}</arg>
<doc>Logs the given message with the given level.</doc>
<msg timestamp="20230128 13:12:37.074" level="INFO">25</msg>
<status status="PASS" starttime="20230128 13:12:37.074" endtime="20230128 13:12:37.074"/>
</kw>
<status status="PASS" starttime="20230128 13:12:37.074" endtime="20230128 13:12:37.074"/>
</iter>
<iter>
<var name="${i}">28</var>
<kw name="Log" library="BuiltIn">
<arg>${i}</arg>
<doc>Logs the given message with the given level.</doc>
<msg timestamp="20230128 13:12:37.074" level="INFO">28</msg>
<status status="PASS" starttime="20230128 13:12:37.074" endtime="20230128 13:12:37.074"/>
</kw>
<status status="PASS" starttime="20230128 13:12:37.074" endtime="20230128 13:12:37.074"/>
</iter>
<status status="PASS" starttime="20230128 13:12:37.069" endtime="20230128 13:12:37.074"/>
</for>
<status status="PASS" starttime="20230128 13:12:37.069" endtime="20230128 13:12:37.074"/>
</test>
<status status="PASS" starttime="20230128 13:12:37.019" endtime="20230128 13:12:37.074"/>
</suite>
<statistics>
<total>
<stat pass="5" fail="0" skip="0">All Tests</stat>
</total>
<tag>
</tag>
<suite>
<stat pass="5" fail="0" skip="0" id="s1" name="5 Petle">5 Petle</stat>
</suite>
</statistics>
<errors>
</errors>
</robot>
