<?xml version="1.0" encoding="UTF-8"?>
<robot generator="Robot 6.0.2 (Python 3.11.0 on win32)" generated="20230128 12:52:07.410" rpa="false" schemaversion="3">
<suite id="s1" name="5 Petle" source="C:\Users\vdi-student\PycharmProjects\robot_basic_tmp\5_petle.robot">
<test id="s1-t1" name="For Loop In Range 10" line="2">
<for flavor="IN RANGE">
<var>${i}</var>
<value>10</value>
<iter>
<var name="${i}">0</var>
<kw name="Log" library="BuiltIn">
<arg>${i}</arg>
<doc>Logs the given message with the given level.</doc>
<msg timestamp="20230128 12:52:07.450" level="INFO">0</msg>
<status status="PASS" starttime="20230128 12:52:07.450" endtime="20230128 12:52:07.450"/>
</kw>
<status status="PASS" starttime="20230128 12:52:07.450" endtime="20230128 12:52:07.450"/>
</iter>
<iter>
<var name="${i}">1</var>
<kw name="Log" library="BuiltIn">
<arg>${i}</arg>
<doc>Logs the given message with the given level.</doc>
<msg timestamp="20230128 12:52:07.450" level="INFO">1</msg>
<status status="PASS" starttime="20230128 12:52:07.450" endtime="20230128 12:52:07.450"/>
</kw>
<status status="PASS" starttime="20230128 12:52:07.450" endtime="20230128 12:52:07.450"/>
</iter>
<iter>
<var name="${i}">2</var>
<kw name="Log" library="BuiltIn">
<arg>${i}</arg>
<doc>Logs the given message with the given level.</doc>
<msg timestamp="20230128 12:52:07.450" level="INFO">2</msg>
<status status="PASS" starttime="20230128 12:52:07.450" endtime="20230128 12:52:07.450"/>
</kw>
<status status="PASS" starttime="20230128 12:52:07.450" endtime="20230128 12:52:07.450"/>
</iter>
<iter>
<var name="${i}">3</var>
<kw name="Log" library="BuiltIn">
<arg>${i}</arg>
<doc>Logs the given message with the given level.</doc>
<msg timestamp="20230128 12:52:07.450" level="INFO">3</msg>
<status status="PASS" starttime="20230128 12:52:07.450" endtime="20230128 12:52:07.450"/>
</kw>
<status status="PASS" starttime="20230128 12:52:07.450" endtime="20230128 12:52:07.450"/>
</iter>
<iter>
<var name="${i}">4</var>
<kw name="Log" library="BuiltIn">
<arg>${i}</arg>
<doc>Logs the given message with the given level.</doc>
<msg timestamp="20230128 12:52:07.450" level="INFO">4</msg>
<status status="PASS" starttime="20230128 12:52:07.450" endtime="20230128 12:52:07.450"/>
</kw>
<status status="PASS" starttime="20230128 12:52:07.450" endtime="20230128 12:52:07.450"/>
</iter>
<iter>
<var name="${i}">5</var>
<kw name="Log" library="BuiltIn">
<arg>${i}</arg>
<doc>Logs the given message with the given level.</doc>
<msg timestamp="20230128 12:52:07.450" level="INFO">5</msg>
<status status="PASS" starttime="20230128 12:52:07.450" endtime="20230128 12:52:07.450"/>
</kw>
<status status="PASS" starttime="20230128 12:52:07.450" endtime="20230128 12:52:07.450"/>
</iter>
<iter>
<var name="${i}">6</var>
<kw name="Log" library="BuiltIn">
<arg>${i}</arg>
<doc>Logs the given message with the given level.</doc>
<msg timestamp="20230128 12:52:07.455" level="INFO">6</msg>
<status status="PASS" starttime="20230128 12:52:07.450" endtime="20230128 12:52:07.455"/>
</kw>
<status status="PASS" starttime="20230128 12:52:07.450" endtime="20230128 12:52:07.455"/>
</iter>
<iter>
<var name="${i}">7</var>
<kw name="Log" library="BuiltIn">
<arg>${i}</arg>
<doc>Logs the given message with the given level.</doc>
<msg timestamp="20230128 12:52:07.455" level="INFO">7</msg>
<status status="PASS" starttime="20230128 12:52:07.455" endtime="20230128 12:52:07.455"/>
</kw>
<status status="PASS" starttime="20230128 12:52:07.455" endtime="20230128 12:52:07.455"/>
</iter>
<iter>
<var name="${i}">8</var>
<kw name="Log" library="BuiltIn">
<arg>${i}</arg>
<doc>Logs the given message with the given level.</doc>
<msg timestamp="20230128 12:52:07.455" level="INFO">8</msg>
<status status="PASS" starttime="20230128 12:52:07.455" endtime="20230128 12:52:07.455"/>
</kw>
<status status="PASS" starttime="20230128 12:52:07.455" endtime="20230128 12:52:07.455"/>
</iter>
<iter>
<var name="${i}">9</var>
<kw name="Log" library="BuiltIn">
<arg>${i}</arg>
<doc>Logs the given message with the given level.</doc>
<msg timestamp="20230128 12:52:07.455" level="INFO">9</msg>
<status status="PASS" starttime="20230128 12:52:07.455" endtime="20230128 12:52:07.455"/>
</kw>
<status status="PASS" starttime="20230128 12:52:07.455" endtime="20230128 12:52:07.455"/>
</iter>
<status status="PASS" starttime="20230128 12:52:07.450" endtime="20230128 12:52:07.455"/>
</for>
<status status="PASS" starttime="20230128 12:52:07.450" endtime="20230128 12:52:07.455"/>
</test>
<test id="s1-t2" name="For Loop In Range 4 10" line="7">
<for flavor="IN RANGE">
<var>${i}</var>
<value>4</value>
<value>10</value>
<iter>
<var name="${i}">4</var>
<kw name="Log" library="BuiltIn">
<arg>${i}</arg>
<doc>Logs the given message with the given level.</doc>
<msg timestamp="20230128 12:52:07.460" level="INFO">4</msg>
<status status="PASS" starttime="20230128 12:52:07.460" endtime="20230128 12:52:07.460"/>
</kw>
<status status="PASS" starttime="20230128 12:52:07.460" endtime="20230128 12:52:07.460"/>
</iter>
<iter>
<var name="${i}">5</var>
<kw name="Log" library="BuiltIn">
<arg>${i}</arg>
<doc>Logs the given message with the given level.</doc>
<msg timestamp="20230128 12:52:07.460" level="INFO">5</msg>
<status status="PASS" starttime="20230128 12:52:07.460" endtime="20230128 12:52:07.460"/>
</kw>
<status status="PASS" starttime="20230128 12:52:07.460" endtime="20230128 12:52:07.460"/>
</iter>
<iter>
<var name="${i}">6</var>
<kw name="Log" library="BuiltIn">
<arg>${i}</arg>
<doc>Logs the given message with the given level.</doc>
<msg timestamp="20230128 12:52:07.460" level="INFO">6</msg>
<status status="PASS" starttime="20230128 12:52:07.460" endtime="20230128 12:52:07.460"/>
</kw>
<status status="PASS" starttime="20230128 12:52:07.460" endtime="20230128 12:52:07.460"/>
</iter>
<iter>
<var name="${i}">7</var>
<kw name="Log" library="BuiltIn">
<arg>${i}</arg>
<doc>Logs the given message with the given level.</doc>
<msg timestamp="20230128 12:52:07.460" level="INFO">7</msg>
<status status="PASS" starttime="20230128 12:52:07.460" endtime="20230128 12:52:07.460"/>
</kw>
<status status="PASS" starttime="20230128 12:52:07.460" endtime="20230128 12:52:07.460"/>
</iter>
<iter>
<var name="${i}">8</var>
<kw name="Log" library="BuiltIn">
<arg>${i}</arg>
<doc>Logs the given message with the given level.</doc>
<msg timestamp="20230128 12:52:07.460" level="INFO">8</msg>
<status status="PASS" starttime="20230128 12:52:07.460" endtime="20230128 12:52:07.460"/>
</kw>
<status status="PASS" starttime="20230128 12:52:07.460" endtime="20230128 12:52:07.460"/>
</iter>
<iter>
<var name="${i}">9</var>
<kw name="Log" library="BuiltIn">
<arg>${i}</arg>
<doc>Logs the given message with the given level.</doc>
<msg timestamp="20230128 12:52:07.460" level="INFO">9</msg>
<status status="PASS" starttime="20230128 12:52:07.460" endtime="20230128 12:52:07.460"/>
</kw>
<status status="PASS" starttime="20230128 12:52:07.460" endtime="20230128 12:52:07.460"/>
</iter>
<status status="PASS" starttime="20230128 12:52:07.460" endtime="20230128 12:52:07.460"/>
</for>
<status status="PASS" starttime="20230128 12:52:07.455" endtime="20230128 12:52:07.460"/>
</test>
<test id="s1-t3" name="For Loop In Range 4 30 3" line="12">
<for flavor="IN RANGE">
<var>${i}</var>
<value>4</value>
<value>30</value>
<value>3</value>
<iter>
<var name="${i}">4</var>
<kw name="Log" library="BuiltIn">
<arg>${i}</arg>
<doc>Logs the given message with the given level.</doc>
<msg timestamp="20230128 12:52:07.465" level="INFO">4</msg>
<status status="PASS" starttime="20230128 12:52:07.465" endtime="20230128 12:52:07.465"/>
</kw>
<status status="PASS" starttime="20230128 12:52:07.465" endtime="20230128 12:52:07.465"/>
</iter>
<iter>
<var name="${i}">7</var>
<kw name="Log" library="BuiltIn">
<arg>${i}</arg>
<doc>Logs the given message with the given level.</doc>
<msg timestamp="20230128 12:52:07.465" level="INFO">7</msg>
<status status="PASS" starttime="20230128 12:52:07.465" endtime="20230128 12:52:07.465"/>
</kw>
<status status="PASS" starttime="20230128 12:52:07.465" endtime="20230128 12:52:07.465"/>
</iter>
<iter>
<var name="${i}">10</var>
<kw name="Log" library="BuiltIn">
<arg>${i}</arg>
<doc>Logs the given message with the given level.</doc>
<msg timestamp="20230128 12:52:07.465" level="INFO">10</msg>
<status status="PASS" starttime="20230128 12:52:07.465" endtime="20230128 12:52:07.465"/>
</kw>
<status status="PASS" starttime="20230128 12:52:07.465" endtime="20230128 12:52:07.465"/>
</iter>
<iter>
<var name="${i}">13</var>
<kw name="Log" library="BuiltIn">
<arg>${i}</arg>
<doc>Logs the given message with the given level.</doc>
<msg timestamp="20230128 12:52:07.465" level="INFO">13</msg>
<status status="PASS" starttime="20230128 12:52:07.465" endtime="20230128 12:52:07.465"/>
</kw>
<status status="PASS" starttime="20230128 12:52:07.465" endtime="20230128 12:52:07.465"/>
</iter>
<iter>
<var name="${i}">16</var>
<kw name="Log" library="BuiltIn">
<arg>${i}</arg>
<doc>Logs the given message with the given level.</doc>
<msg timestamp="20230128 12:52:07.465" level="INFO">16</msg>
<status status="PASS" starttime="20230128 12:52:07.465" endtime="20230128 12:52:07.465"/>
</kw>
<status status="PASS" starttime="20230128 12:52:07.465" endtime="20230128 12:52:07.465"/>
</iter>
<iter>
<var name="${i}">19</var>
<kw name="Log" library="BuiltIn">
<arg>${i}</arg>
<doc>Logs the given message with the given level.</doc>
<msg timestamp="20230128 12:52:07.465" level="INFO">19</msg>
<status status="PASS" starttime="20230128 12:52:07.465" endtime="20230128 12:52:07.465"/>
</kw>
<status status="PASS" starttime="20230128 12:52:07.465" endtime="20230128 12:52:07.465"/>
</iter>
<iter>
<var name="${i}">22</var>
<kw name="Log" library="BuiltIn">
<arg>${i}</arg>
<doc>Logs the given message with the given level.</doc>
<msg timestamp="20230128 12:52:07.465" level="INFO">22</msg>
<status status="PASS" starttime="20230128 12:52:07.465" endtime="20230128 12:52:07.465"/>
</kw>
<status status="PASS" starttime="20230128 12:52:07.465" endtime="20230128 12:52:07.465"/>
</iter>
<iter>
<var name="${i}">25</var>
<kw name="Log" library="BuiltIn">
<arg>${i}</arg>
<doc>Logs the given message with the given level.</doc>
<msg timestamp="20230128 12:52:07.465" level="INFO">25</msg>
<status status="PASS" starttime="20230128 12:52:07.465" endtime="20230128 12:52:07.465"/>
</kw>
<status status="PASS" starttime="20230128 12:52:07.465" endtime="20230128 12:52:07.465"/>
</iter>
<iter>
<var name="${i}">28</var>
<kw name="Log" library="BuiltIn">
<arg>${i}</arg>
<doc>Logs the given message with the given level.</doc>
<msg timestamp="20230128 12:52:07.465" level="INFO">28</msg>
<status status="PASS" starttime="20230128 12:52:07.465" endtime="20230128 12:52:07.465"/>
</kw>
<status status="PASS" starttime="20230128 12:52:07.465" endtime="20230128 12:52:07.465"/>
</iter>
<status status="PASS" starttime="20230128 12:52:07.460" endtime="20230128 12:52:07.465"/>
</for>
<status status="PASS" starttime="20230128 12:52:07.460" endtime="20230128 12:52:07.465"/>
</test>
<status status="PASS" starttime="20230128 12:52:07.410" endtime="20230128 12:52:07.470"/>
</suite>
<statistics>
<total>
<stat pass="3" fail="0" skip="0">All Tests</stat>
</total>
<tag>
</tag>
<suite>
<stat pass="3" fail="0" skip="0" id="s1" name="5 Petle">5 Petle</stat>
</suite>
</statistics>
<errors>
</errors>
</robot>
